<?xml version="1.0" encoding="UTF-8"?>
<!-- Generated by org.testng.reporters.JUnitReportReporter -->
<testsuite skipped="0" hostname="LAP1238" name="com.demo.test.testcases.login.LoginPage_001_LoginSuccessFunction" tests="1" failures="0" timestamp="22 五月 2018 03:47:43 GMT" time="9.288" errors="0">
  <testcase name="loginSuccessFunction" time="9.288" classname="com.demo.test.testcases.login.LoginPage_001_LoginSuccessFunction"/>
</testsuite> <!-- com.demo.test.testcases.login.LoginPage_001_LoginSuccessFunction -->
