<?xml version="1.0" encoding="UTF-8"?>
<!-- Generated by org.testng.reporters.JUnitReportReporter -->
<testsuite skipped="0" hostname="LAP1238" name="com.demo.test.testcases.login.LoginPage_002_LoginFailFunction" tests="3" failures="0" timestamp="20 四月 2018 05:10:00 GMT" time="30.868" errors="0">
  <testcase name="loginPage_004_LoginWithWrongPwd" time="9.238" classname="com.demo.test.testcases.login.LoginPage_002_LoginFailFunction"/>
  <testcase name="loginPage_004_LoginWithWrongPwd" time="12.616" classname="com.demo.test.testcases.login.LoginPage_002_LoginFailFunction"/>
  <testcase name="loginPage_004_LoginWithWrongPwd" time="9.014" classname="com.demo.test.testcases.login.LoginPage_002_LoginFailFunction"/>
</testsuite> <!-- com.demo.test.testcases.login.LoginPage_002_LoginFailFunction -->
