<?xml version="1.0" encoding="UTF-8"?>
<!-- Generated by org.testng.reporters.JUnitReportReporter -->
<testsuite skipped="0" hostname="LAP1238" name="com.demo.test.testcases.home.HomePage_001_CheckUserName" tests="1" failures="0" timestamp="20 四月 2018 05:10:00 GMT" time="10.256" errors="0">
  <testcase name="checkHomeText" time="10.256" classname="com.demo.test.testcases.home.HomePage_001_CheckUserName"/>
</testsuite> <!-- com.demo.test.testcases.home.HomePage_001_CheckUserName -->
